01/11/2023 14:21:56 Adding job tentatively -- it will be properly scheduled when the scheduler starts
01/11/2023 14:21:56 Added job "get_subscription" to job store "default"
01/11/2023 14:21:56 Scheduler started
01/11/2023 14:21:56 [31m[1mWARNING: This is a development server. Do not use it in a production deployment. Use a production WSGI server instead.[0m
 * Running on http://127.0.0.1:5000
01/11/2023 14:21:56 [33mPress CTRL+C to quit[0m
01/11/2023 14:22:36 Adding job tentatively -- it will be properly scheduled when the scheduler starts
01/11/2023 14:22:36 Added job "get_subscription" to job store "default"
01/11/2023 14:22:36 Scheduler started
01/11/2023 14:22:36 [31m[1mWARNING: This is a development server. Do not use it in a production deployment. Use a production WSGI server instead.[0m
 * Running on all addresses (0.0.0.0)
 * Running on http://127.0.0.1:5000
 * Running on http://192.168.2.54:5000
01/11/2023 14:22:36 [33mPress CTRL+C to quit[0m
01/11/2023 14:51:34 Adding job tentatively -- it will be properly scheduled when the scheduler starts
01/11/2023 14:51:34 Added job "get_subscription" to job store "default"
01/11/2023 14:51:34 Scheduler started
01/11/2023 14:51:34 [31m[1mWARNING: This is a development server. Do not use it in a production deployment. Use a production WSGI server instead.[0m
 * Running on http://192.168.2.54:5000
01/11/2023 14:51:34 [33mPress CTRL+C to quit[0m
01/11/2023 15:41:33 Adding job tentatively -- it will be properly scheduled when the scheduler starts
01/11/2023 15:41:33 Added job "get_subscription" to job store "default"
01/11/2023 15:41:33 Scheduler started
01/11/2023 15:41:34 [31m[1mWARNING: This is a development server. Do not use it in a production deployment. Use a production WSGI server instead.[0m
 * Running on http://192.168.2.54:5000
01/11/2023 15:41:34 [33mPress CTRL+C to quit[0m
01/11/2023 15:41:51 Adding job tentatively -- it will be properly scheduled when the scheduler starts
01/11/2023 15:41:51 Added job "get_subscription" to job store "default"
01/11/2023 15:41:51 Scheduler started
01/11/2023 15:41:52 [31m[1mWARNING: This is a development server. Do not use it in a production deployment. Use a production WSGI server instead.[0m
 * Running on http://192.168.2.54:5000
01/11/2023 15:41:52 [33mPress CTRL+C to quit[0m
01/11/2023 15:42:10 Adding job tentatively -- it will be properly scheduled when the scheduler starts
01/11/2023 15:42:10 Added job "get_subscription" to job store "default"
01/11/2023 15:42:10 Scheduler started
01/11/2023 15:42:10 [31m[1mWARNING: This is a development server. Do not use it in a production deployment. Use a production WSGI server instead.[0m
 * Running on http://192.168.2.54:5000
01/11/2023 15:42:10 [33mPress CTRL+C to quit[0m
01/11/2023 15:42:46 Adding job tentatively -- it will be properly scheduled when the scheduler starts
01/11/2023 15:42:46 Added job "get_subscription" to job store "default"
01/11/2023 15:42:46 Scheduler started
01/11/2023 15:42:47 [31m[1mWARNING: This is a development server. Do not use it in a production deployment. Use a production WSGI server instead.[0m
 * Running on http://192.168.2.54:5000
01/11/2023 15:42:47 [33mPress CTRL+C to quit[0m
01/11/2023 15:43:14 Adding job tentatively -- it will be properly scheduled when the scheduler starts
01/11/2023 15:43:14 Added job "get_subscription" to job store "default"
01/11/2023 15:43:14 Scheduler started
01/11/2023 15:43:15 [31m[1mWARNING: This is a development server. Do not use it in a production deployment. Use a production WSGI server instead.[0m
 * Running on http://192.168.2.54:5000
01/11/2023 15:43:15 [33mPress CTRL+C to quit[0m
01/11/2023 15:43:28 Adding job tentatively -- it will be properly scheduled when the scheduler starts
01/11/2023 15:43:28 Added job "get_subscription" to job store "default"
01/11/2023 15:43:28 Scheduler started
01/11/2023 15:43:28 [31m[1mWARNING: This is a development server. Do not use it in a production deployment. Use a production WSGI server instead.[0m
 * Running on http://192.168.2.54:5000
01/11/2023 15:43:28 [33mPress CTRL+C to quit[0m
01/11/2023 15:43:52 Adding job tentatively -- it will be properly scheduled when the scheduler starts
01/11/2023 15:43:52 Added job "get_subscription" to job store "default"
01/11/2023 15:43:52 Scheduler started
01/11/2023 15:43:52 [31m[1mWARNING: This is a development server. Do not use it in a production deployment. Use a production WSGI server instead.[0m
 * Running on http://192.168.2.54:5000
01/11/2023 15:43:52 [33mPress CTRL+C to quit[0m
01/12/2023 10:32:17 Adding job tentatively -- it will be properly scheduled when the scheduler starts
01/12/2023 10:32:17 Added job "get_subscription" to job store "default"
01/12/2023 10:32:17 Scheduler started
01/12/2023 10:32:18 [31m[1mWARNING: This is a development server. Do not use it in a production deployment. Use a production WSGI server instead.[0m
 * Running on http://192.168.2.54:5000
01/12/2023 10:32:18 [33mPress CTRL+C to quit[0m
01/13/2023 10:32:20 Run time of job "get_subscription (trigger: interval[1 day, 0:00:00], next run at: 2023-01-13 10:32:17 CET)" was missed by 0:00:02.306137
01/13/2023 11:09:00 Adding job tentatively -- it will be properly scheduled when the scheduler starts
01/13/2023 11:09:00 Added job "get_subscription" to job store "default"
01/13/2023 11:09:00 Scheduler started
01/13/2023 11:09:01 [31m[1mWARNING: This is a development server. Do not use it in a production deployment. Use a production WSGI server instead.[0m
 * Running on http://192.168.2.54:5000
01/13/2023 11:09:01 [33mPress CTRL+C to quit[0m
01/13/2023 12:04:11 Adding job tentatively -- it will be properly scheduled when the scheduler starts
01/13/2023 12:04:11 Added job "get_subscription" to job store "default"
01/13/2023 12:04:11 Scheduler started
01/13/2023 12:04:11 [31m[1mWARNING: This is a development server. Do not use it in a production deployment. Use a production WSGI server instead.[0m
 * Running on http://192.168.2.54:5000
01/13/2023 12:04:11 [33mPress CTRL+C to quit[0m
01/13/2023 12:04:36 Adding job tentatively -- it will be properly scheduled when the scheduler starts
01/13/2023 12:04:36 Added job "get_subscription" to job store "default"
01/13/2023 12:04:36 Scheduler started
01/13/2023 12:04:37 [31m[1mWARNING: This is a development server. Do not use it in a production deployment. Use a production WSGI server instead.[0m
 * Running on http://192.168.2.54:5000
01/13/2023 12:04:37 [33mPress CTRL+C to quit[0m
01/13/2023 12:09:06 Adding job tentatively -- it will be properly scheduled when the scheduler starts
01/13/2023 12:09:06 Added job "get_subscription" to job store "default"
01/13/2023 12:09:06 Scheduler started
01/13/2023 12:09:20 Adding job tentatively -- it will be properly scheduled when the scheduler starts
01/13/2023 12:09:20 Added job "get_subscription" to job store "default"
01/13/2023 12:09:20 Scheduler started
01/13/2023 12:09:20 [31m[1mWARNING: This is a development server. Do not use it in a production deployment. Use a production WSGI server instead.[0m
 * Running on http://192.168.2.54:5000
01/13/2023 12:09:20 [33mPress CTRL+C to quit[0m
01/13/2023 12:19:11 Adding job tentatively -- it will be properly scheduled when the scheduler starts
01/13/2023 12:19:11 Added job "get_subscription" to job store "default"
01/13/2023 12:19:11 Scheduler started
01/13/2023 12:19:11 [31m[1mWARNING: This is a development server. Do not use it in a production deployment. Use a production WSGI server instead.[0m
 * Running on http://192.168.2.54:5000
01/13/2023 12:19:11 [33mPress CTRL+C to quit[0m
01/13/2023 12:22:40 Adding job tentatively -- it will be properly scheduled when the scheduler starts
01/13/2023 12:22:40 Added job "get_subscription" to job store "default"
01/13/2023 12:22:40 Scheduler started
01/13/2023 12:23:27 Adding job tentatively -- it will be properly scheduled when the scheduler starts
01/13/2023 12:23:27 Added job "get_subscription" to job store "default"
01/13/2023 12:23:27 Scheduler started
01/13/2023 12:30:30 Adding job tentatively -- it will be properly scheduled when the scheduler starts
01/13/2023 12:30:30 Added job "get_subscription" to job store "default"
01/13/2023 12:30:30 Scheduler started
01/13/2023 12:31:30 [31m[1mWARNING: This is a development server. Do not use it in a production deployment. Use a production WSGI server instead.[0m
 * Running on http://192.168.2.54:5000
01/13/2023 12:31:30 [33mPress CTRL+C to quit[0m
01/14/2023 12:30:30 Running job "get_subscription (trigger: interval[1 day, 0:00:00], next run at: 2023-01-14 12:30:30 CET)" (scheduled at 2023-01-14 12:30:30.259974+01:00)
01/14/2023 12:31:30 Job "get_subscription (trigger: interval[1 day, 0:00:00], next run at: 2023-01-15 12:30:30 CET)" executed successfully
01/15/2023 12:30:31 Run time of job "get_subscription (trigger: interval[1 day, 0:00:00], next run at: 2023-01-16 12:30:30 CET)" was missed by 0:00:01.437680
01/16/2023 12:30:31 Run time of job "get_subscription (trigger: interval[1 day, 0:00:00], next run at: 2023-01-17 12:30:30 CET)" was missed by 0:00:01.420548
01/17/2023 12:30:31 Run time of job "get_subscription (trigger: interval[1 day, 0:00:00], next run at: 2023-01-18 12:30:30 CET)" was missed by 0:00:01.413047
01/18/2023 12:30:32 Run time of job "get_subscription (trigger: interval[1 day, 0:00:00], next run at: 2023-01-19 12:30:30 CET)" was missed by 0:00:02.704457
01/19/2023 12:30:31 Run time of job "get_subscription (trigger: interval[1 day, 0:00:00], next run at: 2023-01-20 12:30:30 CET)" was missed by 0:00:01.323048
01/20/2023 12:30:30 Running job "get_subscription (trigger: interval[1 day, 0:00:00], next run at: 2023-01-21 12:30:30 CET)" (scheduled at 2023-01-20 12:30:30.259974+01:00)
01/20/2023 12:31:30 Job "get_subscription (trigger: interval[1 day, 0:00:00], next run at: 2023-01-21 12:30:30 CET)" executed successfully
01/21/2023 12:30:31 Run time of job "get_subscription (trigger: interval[1 day, 0:00:00], next run at: 2023-01-22 12:30:30 CET)" was missed by 0:00:01.477977
01/22/2023 12:30:31 Run time of job "get_subscription (trigger: interval[1 day, 0:00:00], next run at: 2023-01-23 12:30:30 CET)" was missed by 0:00:01.388152
01/23/2023 12:30:32 Run time of job "get_subscription (trigger: interval[1 day, 0:00:00], next run at: 2023-01-24 12:30:30 CET)" was missed by 0:00:02.706832
01/24/2023 12:30:30 Running job "get_subscription (trigger: interval[1 day, 0:00:00], next run at: 2023-01-25 12:30:30 CET)" (scheduled at 2023-01-24 12:30:30.259974+01:00)
01/24/2023 12:30:32 Job "get_subscription (trigger: interval[1 day, 0:00:00], next run at: 2023-01-25 12:30:30 CET)" executed successfully
01/25/2023 12:30:31 Run time of job "get_subscription (trigger: interval[1 day, 0:00:00], next run at: 2023-01-26 12:30:30 CET)" was missed by 0:00:01.431395
01/26/2023 12:30:32 Run time of job "get_subscription (trigger: interval[1 day, 0:00:00], next run at: 2023-01-27 12:30:30 CET)" was missed by 0:00:02.688515
01/27/2023 12:30:30 Running job "get_subscription (trigger: interval[1 day, 0:00:00], next run at: 2023-01-28 12:30:30 CET)" (scheduled at 2023-01-27 12:30:30.259974+01:00)
01/27/2023 12:31:30 Job "get_subscription (trigger: interval[1 day, 0:00:00], next run at: 2023-01-28 12:30:30 CET)" executed successfully
01/28/2023 12:30:31 Run time of job "get_subscription (trigger: interval[1 day, 0:00:00], next run at: 2023-01-29 12:30:30 CET)" was missed by 0:00:01.437467
01/29/2023 12:30:31 Run time of job "get_subscription (trigger: interval[1 day, 0:00:00], next run at: 2023-01-30 12:30:30 CET)" was missed by 0:00:01.374534
01/30/2023 12:30:31 Run time of job "get_subscription (trigger: interval[1 day, 0:00:00], next run at: 2023-01-31 12:30:30 CET)" was missed by 0:00:01.384703
01/31/2023 09:15:11 Adding job tentatively -- it will be properly scheduled when the scheduler starts
01/31/2023 09:15:11 Added job "get_subscription" to job store "default"
01/31/2023 09:15:11 Scheduler started
01/31/2023 09:15:53 Adding job tentatively -- it will be properly scheduled when the scheduler starts
01/31/2023 09:15:53 Added job "get_subscription" to job store "default"
01/31/2023 09:15:53 Scheduler started
01/31/2023 09:16:04 Adding job tentatively -- it will be properly scheduled when the scheduler starts
01/31/2023 09:16:04 Added job "get_subscription" to job store "default"
01/31/2023 09:16:04 Scheduler started
01/31/2023 09:17:07 [31m[1mWARNING: This is a development server. Do not use it in a production deployment. Use a production WSGI server instead.[0m
 * Running on http://192.168.2.54:5000
01/31/2023 09:17:07 [33mPress CTRL+C to quit[0m
01/31/2023 09:17:38 Adding job tentatively -- it will be properly scheduled when the scheduler starts
01/31/2023 09:17:38 Added job "get_subscription" to job store "default"
01/31/2023 09:17:38 Scheduler started
01/31/2023 10:13:34 Adding job tentatively -- it will be properly scheduled when the scheduler starts
01/31/2023 10:13:34 Added job "get_subscription" to job store "default"
01/31/2023 10:13:34 Scheduler started
01/31/2023 10:14:34 [31m[1mWARNING: This is a development server. Do not use it in a production deployment. Use a production WSGI server instead.[0m
 * Running on http://192.168.2.54:5000
01/31/2023 10:14:34 [33mPress CTRL+C to quit[0m
01/31/2023 10:27:09 Adding job tentatively -- it will be properly scheduled when the scheduler starts
01/31/2023 10:27:09 Added job "get_subscription" to job store "default"
01/31/2023 10:27:09 Scheduler started
01/31/2023 10:28:10 [31m[1mWARNING: This is a development server. Do not use it in a production deployment. Use a production WSGI server instead.[0m
 * Running on http://192.168.2.54:5000
01/31/2023 10:28:10 [33mPress CTRL+C to quit[0m
01/31/2023 10:31:45 Adding job tentatively -- it will be properly scheduled when the scheduler starts
01/31/2023 10:31:45 Added job "get_subscription" to job store "default"
01/31/2023 10:31:45 Scheduler started
01/31/2023 10:32:46 [31m[1mWARNING: This is a development server. Do not use it in a production deployment. Use a production WSGI server instead.[0m
 * Running on http://192.168.2.54:5000
01/31/2023 10:32:46 [33mPress CTRL+C to quit[0m
01/31/2023 10:36:00 Adding job tentatively -- it will be properly scheduled when the scheduler starts
01/31/2023 10:36:00 Added job "get_subscription" to job store "default"
01/31/2023 10:36:00 Scheduler started
01/31/2023 10:37:00 [31m[1mWARNING: This is a development server. Do not use it in a production deployment. Use a production WSGI server instead.[0m
 * Running on http://192.168.2.54:5000
01/31/2023 10:37:00 [33mPress CTRL+C to quit[0m
01/31/2023 10:37:11 Adding job tentatively -- it will be properly scheduled when the scheduler starts
01/31/2023 10:37:11 Added job "get_subscription" to job store "default"
01/31/2023 10:37:11 Scheduler started
01/31/2023 10:37:12 [31m[1mWARNING: This is a development server. Do not use it in a production deployment. Use a production WSGI server instead.[0m
 * Running on http://192.168.2.54:5000
01/31/2023 10:37:12 [33mPress CTRL+C to quit[0m
01/31/2023 10:37:56 Adding job tentatively -- it will be properly scheduled when the scheduler starts
01/31/2023 10:37:56 Added job "get_subscription" to job store "default"
01/31/2023 10:37:56 Scheduler started
01/31/2023 10:37:56 [31m[1mWARNING: This is a development server. Do not use it in a production deployment. Use a production WSGI server instead.[0m
 * Running on http://192.168.2.54:5000
01/31/2023 10:37:56 [33mPress CTRL+C to quit[0m
02/01/2023 10:37:57 Run time of job "get_subscription (trigger: interval[1 day, 0:00:00], next run at: 2023-02-01 10:37:56 CET)" was missed by 0:00:01.156149
02/02/2023 10:37:58 Run time of job "get_subscription (trigger: interval[1 day, 0:00:00], next run at: 2023-02-03 10:37:56 CET)" was missed by 0:00:01.434386
02/03/2023 10:37:58 Run time of job "get_subscription (trigger: interval[1 day, 0:00:00], next run at: 2023-02-04 10:37:56 CET)" was missed by 0:00:01.377374
02/04/2023 10:37:58 Run time of job "get_subscription (trigger: interval[1 day, 0:00:00], next run at: 2023-02-05 10:37:56 CET)" was missed by 0:00:01.446641
02/05/2023 10:37:58 Run time of job "get_subscription (trigger: interval[1 day, 0:00:00], next run at: 2023-02-06 10:37:56 CET)" was missed by 0:00:01.375976
02/06/2023 10:37:58 Run time of job "get_subscription (trigger: interval[1 day, 0:00:00], next run at: 2023-02-07 10:37:56 CET)" was missed by 0:00:01.380786
02/07/2023 10:37:58 Run time of job "get_subscription (trigger: interval[1 day, 0:00:00], next run at: 2023-02-08 10:37:56 CET)" was missed by 0:00:01.377334
02/08/2023 10:37:58 Run time of job "get_subscription (trigger: interval[1 day, 0:00:00], next run at: 2023-02-09 10:37:56 CET)" was missed by 0:00:01.422138
02/09/2023 10:37:58 Run time of job "get_subscription (trigger: interval[1 day, 0:00:00], next run at: 2023-02-10 10:37:56 CET)" was missed by 0:00:01.478706
02/10/2023 10:37:58 Run time of job "get_subscription (trigger: interval[1 day, 0:00:00], next run at: 2023-02-11 10:37:56 CET)" was missed by 0:00:01.378680
02/11/2023 10:37:58 Run time of job "get_subscription (trigger: interval[1 day, 0:00:00], next run at: 2023-02-12 10:37:56 CET)" was missed by 0:00:01.413842
02/12/2023 10:37:57 Run time of job "get_subscription (trigger: interval[1 day, 0:00:00], next run at: 2023-02-13 10:37:56 CET)" was missed by 0:00:01.351011
02/13/2023 10:37:57 Run time of job "get_subscription (trigger: interval[1 day, 0:00:00], next run at: 2023-02-14 10:37:56 CET)" was missed by 0:00:01.363092
02/14/2023 08:55:03 Adding job tentatively -- it will be properly scheduled when the scheduler starts
02/14/2023 08:55:03 Added job "get_subscription" to job store "default"
02/14/2023 08:55:03 Scheduler started
02/14/2023 08:55:03 [31m[1mWARNING: This is a development server. Do not use it in a production deployment. Use a production WSGI server instead.[0m
 * Running on http://192.168.2.54:5000
02/14/2023 08:55:03 [33mPress CTRL+C to quit[0m
